mode: set
api-tool/cmd/api-tool/main.go:14.13,21.16 3 0
api-tool/cmd/api-tool/main.go:21.16,26.87 2 0
api-tool/cmd/api-tool/main.go:26.87,29.4 2 0
api-tool/cmd/api-tool/main.go:31.3,31.41 1 0
api-tool/cmd/api-tool/main.go:31.41,33.4 1 0
api-tool/cmd/api-tool/main.go:34.3,34.13 1 0
api-tool/cmd/api-tool/main.go:38.2,38.67 1 0
api-tool/internal/app/app.go:61.77,63.2 1 0
api-tool/internal/app/app.go:69.87,71.2 1 0
api-tool/internal/app/app.go:89.32,92.2 1 1
api-tool/internal/app/app.go:95.58,97.19 2 1
api-tool/internal/app/app.go:97.19,99.3 1 1
api-tool/internal/app/app.go:100.2,101.25 2 1
api-tool/internal/app/app.go:101.25,103.3 1 1
api-tool/internal/app/app.go:104.2,107.3 1 1
api-tool/internal/app/app.go:143.45,145.2 1 1
api-tool/internal/app/app.go:148.46,162.39 12 1
api-tool/internal/app/app.go:162.39,163.35 1 1
api-tool/internal/app/app.go:163.35,166.4 2 0
api-tool/internal/app/app.go:167.3,167.45 1 1
api-tool/internal/app/app.go:170.2,170.55 1 1
api-tool/internal/app/app.go:170.55,173.3 2 1
api-tool/internal/app/app.go:175.2,178.48 2 1
api-tool/internal/app/app.go:178.48,179.25 1 1
api-tool/internal/app/app.go:179.25,183.4 2 1
api-tool/internal/app/app.go:185.3,185.77 1 0
api-tool/internal/app/app.go:189.2,190.16 2 1
api-tool/internal/app/app.go:190.16,194.3 2 1
api-tool/internal/app/app.go:197.2,197.59 1 1
api-tool/internal/app/app.go:197.59,199.3 1 1
api-tool/internal/app/app.go:200.2,204.16 3 1
api-tool/internal/app/app.go:204.16,206.23 1 1
api-tool/internal/app/app.go:206.23,208.4 1 1
api-tool/internal/app/app.go:210.3,212.37 2 1
api-tool/internal/app/app.go:216.2,216.39 1 1
api-tool/internal/app/app.go:216.39,219.3 2 1
api-tool/internal/app/app.go:221.2,228.79 2 1
api-tool/internal/app/app.go:232.41,234.30 2 1
api-tool/internal/app/app.go:234.30,236.3 1 0
api-tool/internal/app/app.go:237.2,237.15 1 1
api-tool/internal/app/app.go:241.52,243.30 2 1
api-tool/internal/app/app.go:243.30,244.21 1 1
api-tool/internal/app/app.go:244.21,246.4 1 0
api-tool/internal/app/app.go:248.2,248.12 1 1
api-tool/internal/app/app.go:253.81,255.40 1 1
api-tool/internal/app/app.go:255.40,260.3 2 1
api-tool/internal/app/app.go:262.2,262.12 1 1
api-tool/internal/app/app.go:267.157,270.9 2 1
api-tool/internal/app/app.go:270.9,272.3 1 0
api-tool/internal/app/app.go:273.2,274.9 2 1
api-tool/internal/app/app.go:274.9,276.3 1 0
api-tool/internal/app/app.go:279.2,280.28 2 1
api-tool/internal/app/app.go:280.28,282.3 1 0
api-tool/internal/app/app.go:283.2,283.22 1 1
api-tool/internal/app/app.go:283.22,285.3 1 1
api-tool/internal/app/app.go:288.2,289.55 2 1
api-tool/internal/app/app.go:289.55,291.3 1 0
api-tool/internal/app/app.go:295.2,301.22 5 1
api-tool/internal/app/app.go:301.22,303.3 1 0
api-tool/internal/app/app.go:305.2,306.16 2 1
api-tool/internal/app/app.go:306.16,308.3 1 0
api-tool/internal/app/app.go:310.2,310.22 1 1
api-tool/internal/app/app.go:310.22,311.47 1 0
api-tool/internal/app/app.go:311.47,313.4 1 0
api-tool/internal/app/app.go:314.3,314.77 1 0
api-tool/internal/app/app.go:314.77,317.4 2 0
api-tool/internal/app/app.go:320.2,320.29 1 1
api-tool/internal/app/app.go:320.29,321.62 1 0
api-tool/internal/app/app.go:321.62,323.23 2 0
api-tool/internal/app/app.go:323.23,325.5 1 0
api-tool/internal/app/app.go:326.4,326.126 1 0
api-tool/internal/app/app.go:331.2,334.33 3 1
api-tool/internal/app/app.go:334.33,336.3 1 0
api-tool/internal/app/app.go:336.8,338.3 1 1
api-tool/internal/app/app.go:339.2,339.87 1 1
api-tool/internal/app/app.go:339.87,341.3 1 0
api-tool/internal/app/app.go:344.2,345.23 2 1
api-tool/internal/app/app.go:345.23,347.17 2 0
api-tool/internal/app/app.go:347.17,349.4 1 0
api-tool/internal/app/app.go:350.3,350.73 1 0
api-tool/internal/app/app.go:353.2,354.16 2 1
api-tool/internal/app/app.go:354.16,356.3 1 0
api-tool/internal/app/app.go:359.2,360.25 2 1
api-tool/internal/app/app.go:360.25,362.3 1 0
api-tool/internal/app/app.go:363.2,363.22 1 1
api-tool/internal/app/app.go:363.22,365.3 1 0
api-tool/internal/app/app.go:368.2,369.16 2 1
api-tool/internal/app/app.go:369.16,372.3 2 1
api-tool/internal/app/app.go:373.2,373.15 1 0
api-tool/internal/app/app.go:373.15,374.38 1 0
api-tool/internal/app/app.go:374.38,377.4 2 0
api-tool/internal/app/app.go:380.2,383.16 4 0
api-tool/internal/app/app.go:383.16,385.3 1 0
api-tool/internal/app/app.go:388.2,392.26 4 0
api-tool/internal/app/app.go:392.26,397.18 4 0
api-tool/internal/app/app.go:397.18,401.4 3 0
api-tool/internal/app/app.go:401.9,403.4 1 0
api-tool/internal/app/app.go:404.8,406.3 1 0
api-tool/internal/app/app.go:409.2,411.19 2 0
api-tool/internal/app/app.go:411.19,413.3 1 0
api-tool/internal/app/app.go:415.2,415.12 1 0
api-tool/internal/auth/auth.go:14.122,15.27 1 1
api-tool/internal/auth/auth.go:16.14,18.13 1 1
api-tool/internal/auth/auth.go:19.17,21.10 2 1
api-tool/internal/auth/auth.go:21.10,23.4 1 1
api-tool/internal/auth/auth.go:25.3,25.74 1 1
api-tool/internal/auth/auth.go:26.16,28.21 1 1
api-tool/internal/auth/auth.go:28.21,31.4 1 1
api-tool/internal/auth/auth.go:32.3,32.54 1 1
api-tool/internal/auth/auth.go:33.15,36.19 3 1
api-tool/internal/auth/auth.go:36.19,38.4 1 1
api-tool/internal/auth/auth.go:40.3,40.89 1 1
api-tool/internal/auth/auth.go:41.14,45.19 3 1
api-tool/internal/auth/auth.go:45.19,47.4 1 1
api-tool/internal/auth/auth.go:49.3,49.89 1 1
api-tool/internal/auth/auth.go:50.16,52.13 1 1
api-tool/internal/auth/auth.go:53.16,55.13 1 1
api-tool/internal/auth/auth.go:56.10,57.89 1 1
api-tool/internal/auth/auth.go:59.2,59.12 1 1
api-tool/internal/auth/auth.go:64.27,66.2 1 1
api-tool/internal/auth/auth.go:69.45,70.18 1 1
api-tool/internal/auth/auth.go:71.54,72.14 1 1
api-tool/internal/auth/auth.go:73.10,74.15 1 1
api-tool/internal/auth/digest.go:47.88,50.16 3 1
api-tool/internal/auth/digest.go:50.16,50.35 1 1
api-tool/internal/auth/digest.go:52.2,52.48 1 1
api-tool/internal/auth/digest.go:52.48,55.3 2 1
api-tool/internal/auth/digest.go:57.2,58.64 2 1
api-tool/internal/auth/digest.go:58.64,61.3 2 1
api-tool/internal/auth/digest.go:63.2,68.16 5 1
api-tool/internal/auth/digest.go:68.16,70.3 1 0
api-tool/internal/auth/digest.go:72.2,73.16 2 1
api-tool/internal/auth/digest.go:73.16,73.35 1 1
api-tool/internal/auth/digest.go:74.2,78.16 4 1
api-tool/internal/auth/digest.go:78.16,78.80 1 0
api-tool/internal/auth/digest.go:80.2,82.16 2 1
api-tool/internal/auth/digest.go:82.16,82.90 1 0
api-tool/internal/auth/digest.go:84.2,91.43 4 1
api-tool/internal/auth/digest.go:91.43,93.45 2 0
api-tool/internal/auth/digest.go:93.45,95.22 2 0
api-tool/internal/auth/digest.go:95.22,95.51 1 0
api-tool/internal/auth/digest.go:95.56,95.110 2 0
api-tool/internal/auth/digest.go:96.9,96.63 2 0
api-tool/internal/auth/digest.go:97.8,97.31 1 1
api-tool/internal/auth/digest.go:97.31,100.19 2 1
api-tool/internal/auth/digest.go:100.19,100.111 1 0
api-tool/internal/auth/digest.go:101.3,102.46 2 1
api-tool/internal/auth/digest.go:103.8,106.3 2 1
api-tool/internal/auth/digest.go:108.2,110.21 3 1
api-tool/internal/auth/digest.go:110.21,110.45 1 1
api-tool/internal/auth/digest.go:112.2,113.23 2 1
api-tool/internal/auth/digest.go:116.109,120.40 3 1
api-tool/internal/auth/digest.go:120.40,120.73 1 0
api-tool/internal/auth/digest.go:120.78,121.35 1 1
api-tool/internal/auth/digest.go:121.35,121.63 1 1
api-tool/internal/auth/digest.go:121.68,122.18 1 1
api-tool/internal/auth/digest.go:122.18,123.37 1 1
api-tool/internal/auth/digest.go:123.37,123.66 1 0
api-tool/internal/auth/digest.go:123.71,124.58 1 1
api-tool/internal/auth/digest.go:124.58,124.82 1 1
api-tool/internal/auth/digest.go:127.2,128.34 2 1
api-tool/internal/auth/digest.go:128.34,128.76 1 0
api-tool/internal/auth/digest.go:129.2,129.24 1 1
api-tool/internal/auth/digest.go:129.24,130.109 1 1
api-tool/internal/auth/digest.go:130.109,132.4 1 1
api-tool/internal/auth/digest.go:133.3,133.98 1 1
api-tool/internal/auth/digest.go:137.2,140.43 4 1
api-tool/internal/auth/digest.go:140.43,141.24 1 1
api-tool/internal/auth/digest.go:141.24,141.45 1 1
api-tool/internal/auth/digest.go:142.3,142.20 1 1
api-tool/internal/auth/digest.go:142.20,142.38 1 1
api-tool/internal/auth/digest.go:145.2,145.16 1 1
api-tool/internal/auth/digest.go:145.16,145.44 1 1
api-tool/internal/auth/digest.go:145.49,146.13 1 1
api-tool/internal/auth/digest.go:146.13,146.37 1 1
api-tool/internal/auth/digest.go:148.2,148.56 1 1
api-tool/internal/auth/digest.go:148.56,150.3 1 0
api-tool/internal/auth/digest.go:151.2,151.39 1 1
api-tool/internal/auth/digest.go:156.68,158.57 2 1
api-tool/internal/auth/digest.go:158.57,160.3 1 0
api-tool/internal/auth/digest.go:161.2,162.23 2 1
api-tool/internal/auth/digest.go:162.23,162.86 1 0
api-tool/internal/auth/digest.go:164.2,166.20 3 1
api-tool/internal/auth/digest.go:166.20,168.3 1 0
api-tool/internal/auth/digest.go:170.2,170.32 1 1
api-tool/internal/auth/digest.go:170.32,172.37 3 1
api-tool/internal/auth/digest.go:172.37,172.57 1 1
api-tool/internal/auth/digest.go:173.3,173.22 1 1
api-tool/internal/auth/digest.go:176.2,177.37 2 1
api-tool/internal/auth/digest.go:177.37,178.51 1 1
api-tool/internal/auth/digest.go:178.51,180.57 2 1
api-tool/internal/auth/digest.go:180.57,182.6 1 1
api-tool/internal/auth/digest.go:186.2,191.52 2 1
api-tool/internal/auth/digest.go:191.52,193.3 1 0
api-tool/internal/auth/digest.go:194.2,194.23 1 1
api-tool/internal/auth/digest.go:197.39,198.62 3 1
api-tool/internal/auth/digest.go:198.62,198.80 1 0
api-tool/internal/auth/digest.go:198.82,198.115 1 1
api-tool/internal/auth/digest.go:200.46,202.2 3 1
api-tool/internal/auth/digest.go:203.75,205.2 1 1
api-tool/internal/auth/digest.go:212.19,215.19 3 1
api-tool/internal/auth/digest.go:216.25,216.44 1 1
api-tool/internal/auth/digest.go:217.33,217.55 1 1
api-tool/internal/auth/digest.go:218.10,218.112 1 0
api-tool/internal/auth/digest.go:221.2,222.43 2 1
api-tool/internal/auth/digest.go:222.43,222.107 1 0
api-tool/internal/auth/digest.go:224.2,225.31 2 1
api-tool/internal/auth/digest.go:225.31,227.21 3 1
api-tool/internal/auth/digest.go:227.21,228.52 2 1
api-tool/internal/auth/digest.go:228.52,228.120 1 0
api-tool/internal/auth/digest.go:229.4,229.67 2 1
api-tool/internal/auth/digest.go:230.9,230.25 1 1
api-tool/internal/auth/digest.go:230.25,233.4 3 0
api-tool/internal/auth/digest.go:234.3,234.21 1 1
api-tool/internal/auth/digest.go:234.21,234.92 1 0
api-tool/internal/auth/digest.go:235.3,236.66 4 1
api-tool/internal/auth/digest.go:237.8,237.63 1 1
api-tool/internal/auth/digest.go:239.2,241.56 3 1
api-tool/internal/auth/digest.go:241.56,243.3 1 1
api-tool/internal/auth/digest.go:243.8,243.75 1 0
api-tool/internal/auth/digest.go:244.2,244.22 1 1
api-tool/internal/auth/digest.go:252.10,257.82 2 1
api-tool/internal/auth/digest.go:257.82,259.3 1 1
api-tool/internal/auth/digest.go:260.2,260.18 1 1
api-tool/internal/auth/digest.go:260.18,260.79 1 1
api-tool/internal/auth/digest.go:261.2,261.23 1 1
api-tool/internal/auth/digest.go:261.23,265.3 3 1
api-tool/internal/auth/digest.go:266.2,266.46 1 1
api-tool/internal/executor/executor.go:35.35,39.22 3 1
api-tool/internal/executor/executor.go:39.22,41.3 1 1
api-tool/internal/executor/executor.go:42.2,47.29 3 1
api-tool/internal/executor/executor.go:47.29,49.22 2 1
api-tool/internal/executor/executor.go:49.22,51.4 1 1
api-tool/internal/executor/executor.go:56.3,59.63 2 1
api-tool/internal/executor/executor.go:59.63,66.22 6 0
api-tool/internal/executor/executor.go:66.22,69.5 1 0
api-tool/internal/executor/executor.go:70.4,72.48 2 0
api-tool/internal/executor/executor.go:72.48,74.5 1 0
api-tool/internal/executor/executor.go:75.4,75.53 1 0
api-tool/internal/executor/executor.go:77.9,77.32 1 1
api-tool/internal/executor/executor.go:77.32,82.18 2 1
api-tool/internal/executor/executor.go:82.18,84.5 1 0
api-tool/internal/executor/executor.go:86.4,86.23 1 1
api-tool/internal/executor/executor.go:86.23,88.5 1 1
api-tool/internal/executor/executor.go:89.4,89.22 1 1
api-tool/internal/executor/executor.go:95.3,98.17 2 1
api-tool/internal/executor/executor.go:98.17,102.30 3 1
api-tool/internal/executor/executor.go:102.30,105.13 3 1
api-tool/internal/executor/executor.go:108.4,108.9 1 1
api-tool/internal/executor/executor.go:113.3,115.21 3 1
api-tool/internal/executor/executor.go:115.21,121.4 2 0
api-tool/internal/executor/executor.go:123.3,128.44 4 1
api-tool/internal/executor/executor.go:128.44,131.55 2 1
api-tool/internal/executor/executor.go:131.55,132.34 1 1
api-tool/internal/executor/executor.go:132.34,134.11 2 0
api-tool/internal/executor/executor.go:140.3,140.19 1 1
api-tool/internal/executor/executor.go:140.19,144.4 2 1
api-tool/internal/executor/executor.go:147.3,150.29 3 1
api-tool/internal/executor/executor.go:150.29,154.4 2 1
api-tool/internal/executor/executor.go:160.2,160.91 1 1
api-tool/internal/executor/executor.go:164.85,165.51 1 1
api-tool/internal/executor/executor.go:165.51,167.3 1 1
api-tool/internal/executor/executor.go:169.2,170.21 2 1
api-tool/internal/executor/executor.go:170.21,172.3 1 1
api-tool/internal/executor/executor.go:174.2,177.44 3 1
api-tool/internal/executor/executor.go:177.44,179.3 1 1
api-tool/internal/executor/executor.go:181.2,184.60 2 1
api-tool/internal/executor/executor.go:184.60,186.91 1 1
api-tool/internal/executor/executor.go:186.91,188.4 1 1
api-tool/internal/executor/executor.go:192.2,193.16 2 1
api-tool/internal/executor/executor.go:193.16,195.3 1 1
api-tool/internal/executor/executor.go:197.2,198.22 2 1
api-tool/internal/executor/executor.go:198.22,200.3 1 1
api-tool/internal/executor/executor.go:203.2,203.24 1 1
api-tool/internal/executor/pagination.go:34.19,36.113 1 1
api-tool/internal/executor/pagination.go:36.113,38.3 1 0
api-tool/internal/executor/pagination.go:41.2,49.66 6 1
api-tool/internal/executor/pagination.go:49.66,51.3 1 0
api-tool/internal/executor/pagination.go:53.2,57.17 3 1
api-tool/internal/executor/pagination.go:58.24,60.166 1 1
api-tool/internal/executor/pagination.go:61.16,63.160 1 1
api-tool/internal/executor/pagination.go:64.21,66.164 1 1
api-tool/internal/executor/pagination.go:67.10,69.39 2 0
api-tool/internal/executor/pagination.go:73.2,73.16 1 1
api-tool/internal/executor/pagination.go:73.16,75.30 2 1
api-tool/internal/executor/pagination.go:75.30,77.4 1 1
api-tool/internal/executor/pagination.go:78.3,78.76 1 0
api-tool/internal/executor/pagination.go:81.2,82.31 2 1
api-tool/internal/executor/pagination.go:86.79,87.31 1 1
api-tool/internal/executor/pagination.go:87.31,89.3 1 0
api-tool/internal/executor/pagination.go:90.2,90.32 1 1
api-tool/internal/executor/pagination.go:90.32,92.3 1 1
api-tool/internal/executor/pagination.go:93.2,95.46 2 1
api-tool/internal/executor/pagination.go:95.46,97.63 2 1
api-tool/internal/executor/pagination.go:97.63,99.4 1 1
api-tool/internal/executor/pagination.go:100.3,100.34 1 1
api-tool/internal/executor/pagination.go:100.34,101.32 1 1
api-tool/internal/executor/pagination.go:101.32,103.5 1 1
api-tool/internal/executor/pagination.go:104.4,104.31 1 1
api-tool/internal/executor/pagination.go:104.31,106.5 1 1
api-tool/internal/executor/pagination.go:107.9,108.30 1 1
api-tool/internal/executor/pagination.go:108.30,110.5 1 0
api-tool/internal/executor/pagination.go:111.4,111.30 1 1
api-tool/internal/executor/pagination.go:111.30,113.5 1 0
api-tool/internal/executor/pagination.go:115.4,115.31 1 1
api-tool/internal/executor/pagination.go:115.31,117.5 1 1
api-tool/internal/executor/pagination.go:118.4,118.29 1 1
api-tool/internal/executor/pagination.go:118.29,120.5 1 1
api-tool/internal/executor/pagination.go:124.2,124.25 1 1
api-tool/internal/executor/pagination.go:124.25,125.35 1 1
api-tool/internal/executor/pagination.go:125.35,127.4 1 1
api-tool/internal/executor/pagination.go:128.3,129.31 2 1
api-tool/internal/executor/pagination.go:129.31,131.4 1 1
api-tool/internal/executor/pagination.go:133.3,133.73 1 1
api-tool/internal/executor/pagination.go:133.73,136.4 2 1
api-tool/internal/executor/pagination.go:141.86,142.71 1 1
api-tool/internal/executor/pagination.go:142.71,144.3 1 0
api-tool/internal/executor/pagination.go:145.2,145.46 1 1
api-tool/internal/executor/pagination.go:145.46,146.24 1 1
api-tool/internal/executor/pagination.go:146.24,148.4 1 0
api-tool/internal/executor/pagination.go:150.2,150.25 1 1
api-tool/internal/executor/pagination.go:150.25,151.56 1 1
api-tool/internal/executor/pagination.go:151.56,153.4 1 0
api-tool/internal/executor/pagination.go:154.3,154.56 1 1
api-tool/internal/executor/pagination.go:154.56,156.4 1 0
api-tool/internal/executor/pagination.go:157.3,157.111 1 1
api-tool/internal/executor/pagination.go:157.111,159.4 1 0
api-tool/internal/executor/pagination.go:162.2,162.12 1 1
api-tool/internal/executor/pagination.go:170.19,181.36 7 1
api-tool/internal/executor/pagination.go:181.36,183.49 1 1
api-tool/internal/executor/pagination.go:183.49,185.9 2 0
api-tool/internal/executor/pagination.go:189.3,192.52 4 1
api-tool/internal/executor/pagination.go:192.52,195.31 3 1
api-tool/internal/executor/pagination.go:195.31,197.5 1 1
api-tool/internal/executor/pagination.go:198.4,198.171 1 1
api-tool/internal/executor/pagination.go:199.9,201.22 1 0
api-tool/internal/executor/pagination.go:201.22,204.5 1 0
api-tool/internal/executor/pagination.go:204.10,206.10 2 0
api-tool/internal/executor/pagination.go:212.3,212.25 1 1
api-tool/internal/executor/pagination.go:212.25,214.4 1 1
api-tool/internal/executor/pagination.go:215.3,215.63 1 1
api-tool/internal/executor/pagination.go:215.63,217.9 2 1
api-tool/internal/executor/pagination.go:220.3,220.81 1 1
api-tool/internal/executor/pagination.go:220.81,222.9 2 1
api-tool/internal/executor/pagination.go:225.3,225.49 1 1
api-tool/internal/executor/pagination.go:225.49,227.9 2 0
api-tool/internal/executor/pagination.go:234.3,235.62 2 1
api-tool/internal/executor/pagination.go:235.62,237.9 2 1
api-tool/internal/executor/pagination.go:241.3,241.32 1 1
api-tool/internal/executor/pagination.go:241.32,243.4 1 1
api-tool/internal/executor/pagination.go:246.3,251.17 4 1
api-tool/internal/executor/pagination.go:251.17,253.4 1 0
api-tool/internal/executor/pagination.go:255.3,261.38 5 1
api-tool/internal/executor/pagination.go:261.38,262.20 1 1
api-tool/internal/executor/pagination.go:262.20,264.5 1 0
api-tool/internal/executor/pagination.go:266.4,266.88 1 1
api-tool/internal/executor/pagination.go:267.9,267.44 1 1
api-tool/internal/executor/pagination.go:267.44,268.19 1 1
api-tool/internal/executor/pagination.go:268.19,270.5 1 0
api-tool/internal/executor/pagination.go:272.4,272.87 1 1
api-tool/internal/executor/pagination.go:273.9,276.4 1 0
api-tool/internal/executor/pagination.go:277.3,277.17 1 1
api-tool/internal/executor/pagination.go:277.17,280.4 1 0
api-tool/internal/executor/pagination.go:283.3,284.21 2 1
api-tool/internal/executor/pagination.go:284.21,288.4 2 1
api-tool/internal/executor/pagination.go:289.3,289.18 1 1
api-tool/internal/executor/pagination.go:289.18,291.4 1 1
api-tool/internal/executor/pagination.go:292.3,294.23 3 1
api-tool/internal/executor/pagination.go:296.2,296.43 1 1
api-tool/internal/executor/pagination.go:304.19,312.36 5 1
api-tool/internal/executor/pagination.go:312.36,314.49 1 1
api-tool/internal/executor/pagination.go:314.49,316.9 2 0
api-tool/internal/executor/pagination.go:320.3,323.52 4 1
api-tool/internal/executor/pagination.go:323.52,326.31 3 1
api-tool/internal/executor/pagination.go:326.31,328.5 1 1
api-tool/internal/executor/pagination.go:329.4,329.180 1 1
api-tool/internal/executor/pagination.go:330.9,331.22 1 0
api-tool/internal/executor/pagination.go:331.22,333.5 1 0
api-tool/internal/executor/pagination.go:333.10,335.10 2 0
api-tool/internal/executor/pagination.go:340.3,341.23 2 1
api-tool/internal/executor/pagination.go:341.23,343.9 2 1
api-tool/internal/executor/pagination.go:345.3,349.62 3 1
api-tool/internal/executor/pagination.go:349.62,351.9 2 1
api-tool/internal/executor/pagination.go:355.3,356.17 2 1
api-tool/internal/executor/pagination.go:356.17,358.4 1 0
api-tool/internal/executor/pagination.go:361.3,362.17 2 1
api-tool/internal/executor/pagination.go:362.17,364.4 1 0
api-tool/internal/executor/pagination.go:367.3,368.21 2 1
api-tool/internal/executor/pagination.go:368.21,371.4 2 1
api-tool/internal/executor/pagination.go:372.3,372.18 1 1
api-tool/internal/executor/pagination.go:372.18,374.4 1 1
api-tool/internal/executor/pagination.go:375.3,377.23 3 1
api-tool/internal/executor/pagination.go:379.2,379.43 1 1
api-tool/internal/executor/pagination.go:387.19,395.36 5 1
api-tool/internal/executor/pagination.go:395.36,397.49 1 1
api-tool/internal/executor/pagination.go:397.49,399.9 2 0
api-tool/internal/executor/pagination.go:403.3,406.52 4 1
api-tool/internal/executor/pagination.go:406.52,409.31 3 1
api-tool/internal/executor/pagination.go:409.31,411.5 1 1
api-tool/internal/executor/pagination.go:412.4,412.185 1 1
api-tool/internal/executor/pagination.go:413.9,414.22 1 0
api-tool/internal/executor/pagination.go:414.22,416.5 1 0
api-tool/internal/executor/pagination.go:416.10,420.5 1 0
api-tool/internal/executor/pagination.go:424.3,425.13 2 1
api-tool/internal/executor/pagination.go:425.13,427.9 2 1
api-tool/internal/executor/pagination.go:429.3,433.62 3 1
api-tool/internal/executor/pagination.go:433.62,435.9 2 1
api-tool/internal/executor/pagination.go:439.3,440.17 2 1
api-tool/internal/executor/pagination.go:440.17,442.4 1 0
api-tool/internal/executor/pagination.go:445.3,446.17 2 1
api-tool/internal/executor/pagination.go:446.17,448.4 1 0
api-tool/internal/executor/pagination.go:451.3,452.21 2 1
api-tool/internal/executor/pagination.go:452.21,455.4 2 1
api-tool/internal/executor/pagination.go:456.3,456.18 1 1
api-tool/internal/executor/pagination.go:456.18,458.4 1 1
api-tool/internal/executor/pagination.go:459.3,461.23 3 1
api-tool/internal/executor/pagination.go:463.2,463.43 1 1
api-tool/internal/executor/pagination.go:469.105,471.29 2 1
api-tool/internal/executor/pagination.go:471.29,473.57 2 1
api-tool/internal/executor/pagination.go:473.57,476.4 2 1
api-tool/internal/executor/pagination.go:476.9,476.31 1 0
api-tool/internal/executor/pagination.go:476.31,478.4 1 0
api-tool/internal/executor/pagination.go:481.2,481.52 1 1
api-tool/internal/executor/pagination.go:481.52,483.21 2 1
api-tool/internal/executor/pagination.go:483.21,484.59 1 1
api-tool/internal/executor/pagination.go:484.59,487.5 2 1
api-tool/internal/executor/pagination.go:487.10,489.5 1 0
api-tool/internal/executor/pagination.go:492.2,492.21 1 1
api-tool/internal/executor/pagination.go:496.106,497.28 1 1
api-tool/internal/executor/pagination.go:497.28,500.94 2 1
api-tool/internal/executor/pagination.go:500.94,502.4 1 1
api-tool/internal/executor/pagination.go:503.8,503.36 1 1
api-tool/internal/executor/pagination.go:503.36,506.3 1 1
api-tool/internal/executor/pagination.go:508.2,508.11 1 1
api-tool/internal/executor/pagination.go:512.137,528.33 4 1
api-tool/internal/executor/pagination.go:528.33,532.29 3 1
api-tool/internal/executor/pagination.go:532.29,534.4 1 0
api-tool/internal/executor/pagination.go:535.3,535.29 1 1
api-tool/internal/executor/pagination.go:535.29,537.4 1 0
api-tool/internal/executor/pagination.go:538.8,542.70 3 1
api-tool/internal/executor/pagination.go:542.70,544.4 1 0
api-tool/internal/executor/pagination.go:546.3,546.31 1 1
api-tool/internal/executor/pagination.go:546.31,548.4 1 0
api-tool/internal/executor/pagination.go:552.2,555.12 4 1
api-tool/internal/executor/pagination.go:559.136,561.16 2 1
api-tool/internal/executor/pagination.go:561.16,563.3 1 0
api-tool/internal/executor/pagination.go:565.2,566.32 2 1
api-tool/internal/executor/pagination.go:566.32,569.50 3 1
api-tool/internal/executor/pagination.go:569.50,572.26 2 0
api-tool/internal/executor/pagination.go:572.26,574.5 1 0
api-tool/internal/executor/pagination.go:575.4,575.91 1 0
api-tool/internal/executor/pagination.go:577.8,580.3 1 0
api-tool/internal/executor/pagination.go:583.2,584.20 2 1
api-tool/internal/executor/pagination.go:584.20,586.3 1 0
api-tool/internal/executor/pagination.go:589.2,589.33 1 1
api-tool/internal/executor/pagination.go:589.33,591.60 1 1
api-tool/internal/executor/pagination.go:591.60,593.4 1 1
api-tool/internal/executor/pagination.go:593.9,595.4 1 0
api-tool/internal/executor/pagination.go:596.3,596.58 1 1
api-tool/internal/executor/pagination.go:596.58,598.4 1 1
api-tool/internal/executor/pagination.go:598.9,600.4 1 0
api-tool/internal/executor/pagination.go:602.3,602.29 1 1
api-tool/internal/executor/pagination.go:602.29,604.4 1 0
api-tool/internal/executor/pagination.go:605.3,605.29 1 1
api-tool/internal/executor/pagination.go:605.29,607.4 1 0
api-tool/internal/executor/pagination.go:608.8,609.56 1 0
api-tool/internal/executor/pagination.go:609.56,611.4 1 0
api-tool/internal/executor/pagination.go:611.9,613.4 1 0
api-tool/internal/executor/pagination.go:614.3,614.58 1 0
api-tool/internal/executor/pagination.go:614.58,617.71 2 0
api-tool/internal/executor/pagination.go:617.71,619.5 1 0
api-tool/internal/executor/pagination.go:620.9,622.71 2 0
api-tool/internal/executor/pagination.go:622.71,624.5 1 0
api-tool/internal/executor/pagination.go:627.3,627.70 1 0
api-tool/internal/executor/pagination.go:627.70,628.58 1 0
api-tool/internal/executor/pagination.go:628.58,630.5 1 0
api-tool/internal/executor/pagination.go:630.10,632.5 1 0
api-tool/internal/executor/pagination.go:635.3,635.31 1 0
api-tool/internal/executor/pagination.go:635.31,637.4 1 0
api-tool/internal/executor/pagination.go:641.2,642.16 2 1
api-tool/internal/executor/pagination.go:642.16,644.3 1 0
api-tool/internal/executor/pagination.go:647.2,650.50 3 1
api-tool/internal/executor/pagination.go:650.50,652.3 1 1
api-tool/internal/executor/pagination.go:654.2,654.46 1 1
api-tool/internal/executor/pagination.go:654.46,656.3 1 0
api-tool/internal/executor/pagination.go:657.2,658.12 2 1
api-tool/internal/executor/pagination.go:662.131,663.32 1 1
api-tool/internal/executor/pagination.go:664.13,667.17 2 1
api-tool/internal/executor/pagination.go:667.17,669.4 1 0
api-tool/internal/executor/pagination.go:670.3,671.17 2 1
api-tool/internal/executor/pagination.go:671.17,673.4 1 0
api-tool/internal/executor/pagination.go:675.3,682.108 7 1
api-tool/internal/executor/pagination.go:683.15,692.145 7 1
api-tool/internal/executor/pagination.go:693.14,696.17 2 1
api-tool/internal/executor/pagination.go:696.17,698.4 1 0
api-tool/internal/executor/pagination.go:699.3,700.33 2 1
api-tool/internal/executor/pagination.go:700.33,703.51 3 1
api-tool/internal/executor/pagination.go:703.51,706.27 2 0
api-tool/internal/executor/pagination.go:706.27,708.6 1 0
api-tool/internal/executor/pagination.go:709.5,709.103 1 0
api-tool/internal/executor/pagination.go:711.9,713.4 1 0
api-tool/internal/executor/pagination.go:715.3,716.21 2 1
api-tool/internal/executor/pagination.go:716.21,718.4 1 0
api-tool/internal/executor/pagination.go:720.3,724.17 3 1
api-tool/internal/executor/pagination.go:724.17,726.4 1 0
api-tool/internal/executor/pagination.go:728.3,730.51 3 1
api-tool/internal/executor/pagination.go:730.51,732.4 1 1
api-tool/internal/executor/pagination.go:733.3,733.47 1 1
api-tool/internal/executor/pagination.go:733.47,735.4 1 0
api-tool/internal/executor/pagination.go:736.3,736.165 1 1
api-tool/internal/executor/pagination.go:737.10,739.97 1 0
api-tool/internal/executor/pagination.go:741.2,741.12 1 1
api-tool/internal/executor/pagination.go:745.103,747.16 2 1
api-tool/internal/executor/pagination.go:747.16,749.3 1 0
api-tool/internal/executor/pagination.go:750.2,751.16 2 1
api-tool/internal/executor/pagination.go:751.16,753.3 1 0
api-tool/internal/executor/pagination.go:755.2,762.12 8 1
api-tool/internal/executor/pagination.go:766.55,767.23 1 1
api-tool/internal/executor/pagination.go:767.23,769.3 1 0
api-tool/internal/executor/pagination.go:771.2,773.28 3 1
api-tool/internal/executor/pagination.go:773.28,775.25 2 1
api-tool/internal/executor/pagination.go:775.25,777.4 1 1
api-tool/internal/executor/pagination.go:779.2,780.21 2 1
api-tool/internal/executor/pagination.go:784.76,786.16 2 1
api-tool/internal/executor/pagination.go:786.16,788.3 1 1
api-tool/internal/executor/pagination.go:790.2,790.46 1 1
api-tool/internal/executor/pagination.go:790.46,792.3 1 1
api-tool/internal/executor/pagination.go:794.2,794.63 1 1
api-tool/internal/executor/pagination.go:800.103,801.16 1 1
api-tool/internal/executor/pagination.go:801.16,803.3 1 1
api-tool/internal/executor/pagination.go:805.2,805.17 1 1
api-tool/internal/executor/pagination.go:805.17,807.3 1 1
api-tool/internal/executor/pagination.go:809.2,812.29 3 1
api-tool/internal/executor/pagination.go:812.29,814.17 1 1
api-tool/internal/executor/pagination.go:814.17,817.14 1 1
api-tool/internal/executor/pagination.go:817.14,819.5 1 1
api-tool/internal/executor/pagination.go:819.10,819.32 1 1
api-tool/internal/executor/pagination.go:819.32,821.5 1 1
api-tool/internal/executor/pagination.go:821.10,823.5 1 1
api-tool/internal/executor/pagination.go:827.3,831.14 3 1
api-tool/internal/executor/pagination.go:831.14,835.18 3 1
api-tool/internal/executor/pagination.go:835.18,838.5 1 1
api-tool/internal/executor/pagination.go:840.4,840.20 1 1
api-tool/internal/executor/pagination.go:841.9,843.59 1 1
api-tool/internal/executor/pagination.go:843.59,844.19 1 1
api-tool/internal/executor/pagination.go:844.19,847.6 1 1
api-tool/internal/executor/pagination.go:849.5,849.22 1 1
api-tool/internal/executor/pagination.go:850.10,852.19 1 1
api-tool/internal/executor/pagination.go:852.19,855.6 1 1
api-tool/internal/executor/pagination.go:855.11,858.6 1 1
api-tool/internal/executor/pagination.go:864.2,864.111 1 0
api-tool/internal/executor/pagination.go:868.60,873.20 2 1
api-tool/internal/executor/pagination.go:873.20,875.26 2 1
api-tool/internal/executor/pagination.go:875.26,878.4 2 0
api-tool/internal/executor/pagination.go:879.3,879.26 1 1
api-tool/internal/executor/pagination.go:883.2,883.21 1 1
api-tool/internal/executor/pagination.go:883.21,885.25 1 1
api-tool/internal/executor/pagination.go:885.25,887.18 2 1
api-tool/internal/executor/pagination.go:887.18,889.5 1 0
api-tool/internal/executor/pagination.go:890.4,892.44 3 1
api-tool/internal/executor/pagination.go:893.9,899.18 4 0
api-tool/internal/executor/pagination.go:899.18,901.5 1 0
api-tool/internal/executor/pagination.go:904.4,905.51 2 0
api-tool/internal/executor/pagination.go:905.51,907.5 1 0
api-tool/internal/executor/pagination.go:908.4,913.44 4 0
api-tool/internal/executor/pagination.go:917.2,917.20 1 1
api-tool/internal/executor/pagination.go:921.57,922.21 1 1
api-tool/internal/executor/pagination.go:922.21,924.3 1 0
api-tool/internal/executor/pagination.go:926.2,926.24 1 1
api-tool/internal/executor/pagination.go:926.24,929.17 2 1
api-tool/internal/executor/pagination.go:929.17,931.4 1 0
api-tool/internal/executor/pagination.go:932.3,934.17 3 1
api-tool/internal/executor/pagination.go:934.17,936.4 1 0
api-tool/internal/executor/pagination.go:937.3,937.24 1 1
api-tool/internal/executor/pagination.go:942.2,945.16 4 0
api-tool/internal/executor/pagination.go:945.16,947.3 1 0
api-tool/internal/executor/pagination.go:950.2,951.46 2 0
api-tool/internal/executor/pagination.go:951.46,953.3 1 0
api-tool/internal/executor/pagination.go:954.2,956.23 2 0
api-tool/internal/executor/pagination.go:965.58,966.51 1 1
api-tool/internal/executor/pagination.go:966.51,969.30 2 1
api-tool/internal/executor/pagination.go:969.30,972.25 2 1
api-tool/internal/executor/pagination.go:972.25,976.26 3 1
api-tool/internal/executor/pagination.go:976.26,978.6 1 1
api-tool/internal/executor/pagination.go:982.2,982.18 1 1
api-tool/internal/config/load.go:11.51,13.16 2 1
api-tool/internal/config/load.go:13.16,15.3 1 1
api-tool/internal/config/load.go:17.2,19.16 3 1
api-tool/internal/config/load.go:19.16,21.3 1 1
api-tool/internal/config/load.go:24.2,24.35 1 1
api-tool/internal/config/load.go:24.35,24.67 1 1
api-tool/internal/config/load.go:25.2,25.31 1 1
api-tool/internal/config/load.go:25.31,25.59 1 1
api-tool/internal/config/load.go:26.2,26.32 1 1
api-tool/internal/config/load.go:26.32,26.65 1 1
api-tool/internal/config/load.go:29.2,29.56 1 1
api-tool/internal/config/load.go:29.56,31.3 1 1
api-tool/internal/config/load.go:34.2,34.21 1 1
api-tool/internal/config/validation.go:21.66,24.24 3 1
api-tool/internal/config/validation.go:24.24,24.63 1 1
api-tool/internal/config/validation.go:25.2,25.40 1 1
api-tool/internal/config/validation.go:25.40,26.52 2 1
api-tool/internal/config/validation.go:26.52,26.97 1 1
api-tool/internal/config/validation.go:27.3,27.35 1 1
api-tool/internal/config/validation.go:27.35,27.50 1 1
api-tool/internal/config/validation.go:29.2,29.14 1 1
api-tool/internal/config/validation.go:33.48,38.23 5 1
api-tool/internal/config/validation.go:38.23,39.3 1 1
api-tool/internal/config/validation.go:39.8,40.39 1 1
api-tool/internal/config/validation.go:40.39,42.114 2 1
api-tool/internal/config/validation.go:42.114,42.159 1 1
api-tool/internal/config/validation.go:45.2,45.22 1 1
api-tool/internal/config/validation.go:45.22,45.108 1 1
api-tool/internal/config/validation.go:46.2,46.24 1 1
api-tool/internal/config/validation.go:46.24,46.116 1 1
api-tool/internal/config/validation.go:47.2,47.12 1 1
api-tool/internal/config/validation.go:51.68,51.112 2 1
api-tool/internal/config/validation.go:51.112,51.196 1 0
api-tool/internal/config/validation.go:51.198,51.217 1 1
api-tool/internal/config/validation.go:51.217,51.304 1 0
api-tool/internal/config/validation.go:51.306,51.317 1 1
api-tool/internal/config/validation.go:52.72,52.141 2 1
api-tool/internal/config/validation.go:52.141,52.269 1 1
api-tool/internal/config/validation.go:52.271,52.282 1 1
api-tool/internal/config/validation.go:53.66,53.197 3 1
api-tool/internal/config/validation.go:53.197,53.294 1 0
api-tool/internal/config/validation.go:53.296,53.539 2 1
api-tool/internal/config/validation.go:53.539,53.567 1 1
api-tool/internal/config/validation.go:53.567,53.685 1 0
api-tool/internal/config/validation.go:53.690,53.722 1 1
api-tool/internal/config/validation.go:53.722,53.775 1 1
api-tool/internal/config/validation.go:53.775,53.919 1 0
api-tool/internal/config/validation.go:53.927,53.952 1 1
api-tool/internal/config/validation.go:53.952,53.1016 1 0
api-tool/internal/config/validation.go:53.1016,53.1153 1 0
api-tool/internal/config/validation.go:53.1157,53.1168 1 1
api-tool/internal/config/validation.go:54.72,54.114 2 1
api-tool/internal/config/validation.go:54.114,54.187 1 1
api-tool/internal/config/validation.go:54.192,54.261 2 1
api-tool/internal/config/validation.go:54.261,54.350 1 0
api-tool/internal/config/validation.go:54.355,54.442 1 1
api-tool/internal/config/validation.go:54.442,54.568 1 1
api-tool/internal/config/validation.go:54.572,54.645 1 1
api-tool/internal/config/validation.go:54.645,54.744 1 0
api-tool/internal/config/validation.go:54.746,54.772 1 1
api-tool/internal/config/validation.go:54.772,54.877 1 0
api-tool/internal/config/validation.go:54.882,54.925 1 1
api-tool/internal/config/validation.go:54.925,54.1070 2 1
api-tool/internal/config/validation.go:54.1070,54.1104 1 1
api-tool/internal/config/validation.go:54.1110,54.1121 1 1
api-tool/internal/config/validation.go:55.82,55.121 2 1
api-tool/internal/config/validation.go:55.121,55.191 1 1
api-tool/internal/config/validation.go:55.193,55.264 1 1
api-tool/internal/config/validation.go:55.264,55.361 1 0
api-tool/internal/config/validation.go:55.363,55.388 1 1
api-tool/internal/config/validation.go:55.388,55.493 1 1
api-tool/internal/config/validation.go:55.493,55.528 1 1
api-tool/internal/config/validation.go:55.532,55.543 1 1
api-tool/internal/config/validation.go:56.86,56.163 3 1
api-tool/internal/config/validation.go:56.163,56.178 1 0
api-tool/internal/config/validation.go:56.180,56.232 1 1
api-tool/internal/config/validation.go:56.232,56.342 2 0
api-tool/internal/config/validation.go:56.344,56.432 1 1
api-tool/internal/config/validation.go:56.432,56.567 1 0
api-tool/internal/config/validation.go:56.569,56.589 1 1
api-tool/internal/config/validation.go:56.589,56.670 1 0
api-tool/internal/config/validation.go:56.672,56.687 1 1
api-tool/internal/config/validation.go:56.711,56.730 1 1
api-tool/internal/config/validation.go:56.730,56.829 1 1
api-tool/internal/config/validation.go:56.831,56.915 1 1
api-tool/internal/config/validation.go:56.915,56.1041 1 0
api-tool/internal/config/validation.go:56.1043,56.1104 2 1
api-tool/internal/config/validation.go:56.1104,56.1126 1 1
api-tool/internal/config/validation.go:56.1128,56.1152 1 1
api-tool/internal/config/validation.go:56.1152,56.1179 1 1
api-tool/internal/config/validation.go:56.1179,56.1276 1 0
api-tool/internal/config/validation.go:56.1278,56.1302 1 1
api-tool/internal/config/validation.go:56.1302,56.1398 1 1
api-tool/internal/config/validation.go:56.1405,56.1428 1 0
api-tool/internal/config/validation.go:56.1428,56.1453 1 0
api-tool/internal/config/validation.go:56.1453,56.1546 1 0
api-tool/internal/config/validation.go:56.1548,56.1571 1 0
api-tool/internal/config/validation.go:56.1571,56.1615 1 0
api-tool/internal/config/validation.go:56.1615,56.1750 1 0
api-tool/internal/config/validation.go:56.1755,56.1798 1 0
api-tool/internal/config/validation.go:56.1798,56.1919 1 0
api-tool/internal/config/validation.go:56.1923,56.1944 1 0
api-tool/internal/config/validation.go:56.1944,56.2026 1 0
api-tool/internal/config/validation.go:56.2044,56.2092 1 0
api-tool/internal/config/validation.go:56.2092,56.2216 1 0
api-tool/internal/config/validation.go:56.2218,56.2265 1 0
api-tool/internal/config/validation.go:56.2265,56.2369 1 0
api-tool/internal/config/validation.go:56.2371,56.2496 2 0
api-tool/internal/config/validation.go:56.2496,56.2646 1 0
api-tool/internal/config/validation.go:56.2648,56.2722 1 0
api-tool/internal/config/validation.go:56.2722,56.2841 1 0
api-tool/internal/config/validation.go:56.2862,56.2862 0 0
api-tool/internal/config/validation.go:56.2866,56.2877 1 1
api-tool/internal/config/validation.go:57.79,57.122 2 0
api-tool/internal/config/validation.go:57.122,57.193 1 0
api-tool/internal/config/validation.go:57.195,57.214 1 0
api-tool/internal/config/validation.go:57.214,57.282 1 0
api-tool/internal/config/validation.go:57.284,57.295 1 0
api-tool/internal/config/validation.go:58.79,58.121 2 1
api-tool/internal/config/validation.go:58.121,58.191 1 0
api-tool/internal/config/validation.go:58.193,58.213 1 1
api-tool/internal/config/validation.go:58.213,58.282 1 0
api-tool/internal/config/validation.go:58.284,58.295 1 1
api-tool/internal/config/validation.go:59.93,59.166 3 1
api-tool/internal/config/validation.go:59.166,59.183 1 1
api-tool/internal/config/validation.go:59.183,59.219 2 1
api-tool/internal/config/validation.go:59.219,59.265 1 1
api-tool/internal/config/validation.go:59.270,59.331 1 0
api-tool/internal/config/validation.go:59.337,59.350 1 1
api-tool/internal/config/validation.go:59.350,59.460 1 1
api-tool/internal/config/validation.go:59.462,59.472 1 1
api-tool/internal/config/validation.go:64.71,66.30 2 1
api-tool/internal/config/validation.go:66.30,66.116 1 0
api-tool/internal/config/validation.go:68.2,68.39 1 1
api-tool/internal/config/validation.go:68.39,70.119 2 1
api-tool/internal/config/validation.go:70.119,70.155 1 1
api-tool/internal/config/validation.go:73.2,73.29 1 1
api-tool/internal/config/validation.go:73.29,75.100 2 1
api-tool/internal/config/validation.go:75.100,75.138 1 0
api-tool/internal/config/validation.go:77.2,77.13 1 1
api-tool/internal/config/validation.go:81.86,81.204 4 1
api-tool/internal/config/validation.go:81.204,81.304 2 0
api-tool/internal/config/validation.go:81.306,81.333 1 1
api-tool/internal/config/validation.go:81.333,81.431 1 0
api-tool/internal/config/validation.go:81.433,81.447 1 1
api-tool/internal/config/validation.go:81.447,81.562 1 1
api-tool/internal/config/validation.go:81.562,81.597 1 1
api-tool/internal/config/validation.go:81.601,81.614 1 1
api-tool/internal/config/validation.go:81.614,81.741 2 0
api-tool/internal/config/validation.go:81.741,81.779 1 0
api-tool/internal/config/validation.go:81.783,81.794 1 1
api-tool/internal/config/validation.go:84.118,86.19 2 1
api-tool/internal/config/validation.go:86.19,86.88 1 0
api-tool/internal/config/validation.go:86.90,86.112 1 1
api-tool/internal/config/validation.go:86.112,86.186 1 0
api-tool/internal/config/validation.go:86.188,86.259 1 1
api-tool/internal/config/validation.go:86.259,86.356 1 0
api-tool/internal/config/validation.go:87.2,87.41 1 1
api-tool/internal/config/validation.go:87.41,87.62 1 1
api-tool/internal/config/validation.go:87.62,87.172 1 0
api-tool/internal/config/validation.go:87.177,87.233 1 1
api-tool/internal/config/validation.go:87.233,87.340 1 1
api-tool/internal/config/validation.go:87.345,87.407 1 1
api-tool/internal/config/validation.go:87.407,87.550 1 1
api-tool/internal/config/validation.go:88.2,93.37 6 1
api-tool/internal/config/validation.go:93.37,94.67 1 1
api-tool/internal/config/validation.go:94.67,96.9 2 1
api-tool/internal/config/validation.go:100.2,100.40 1 1
api-tool/internal/config/validation.go:100.40,100.173 1 1
api-tool/internal/config/validation.go:101.2,101.58 2 1
api-tool/internal/config/validation.go:101.58,101.114 1 1
api-tool/internal/config/validation.go:101.114,101.181 1 1
api-tool/internal/config/validation.go:101.181,101.216 1 1
api-tool/internal/config/validation.go:101.220,101.245 1 1
api-tool/internal/config/validation.go:101.245,101.272 1 1
api-tool/internal/config/validation.go:101.276,101.332 1 1
api-tool/internal/config/validation.go:101.332,101.458 1 1
api-tool/internal/config/validation.go:101.460,101.627 2 1
api-tool/internal/config/validation.go:101.627,101.784 1 1
api-tool/internal/config/validation.go:101.786,101.831 1 1
api-tool/internal/config/validation.go:101.831,101.952 1 1
api-tool/internal/config/validation.go:101.954,101.965 1 1
api-tool/internal/httpclient/client.go:31.127,34.47 2 1
api-tool/internal/httpclient/client.go:34.47,36.3 1 1
api-tool/internal/httpclient/client.go:39.2,57.26 2 1
api-tool/internal/httpclient/client.go:57.26,59.3 1 1
api-tool/internal/httpclient/client.go:60.2,60.14 1 1
api-tool/internal/httpclient/client.go:60.14,62.3 1 1
api-tool/internal/httpclient/client.go:66.2,68.27 2 1
api-tool/internal/httpclient/client.go:69.14,71.103 2 1
api-tool/internal/httpclient/client.go:71.103,73.4 1 1
api-tool/internal/httpclient/client.go:74.3,74.67 1 1
api-tool/internal/httpclient/client.go:76.16,78.103 2 1
api-tool/internal/httpclient/client.go:78.103,80.4 1 0
api-tool/internal/httpclient/client.go:83.3,88.4 1 1
api-tool/internal/httpclient/client.go:90.16,94.21 2 1
api-tool/internal/httpclient/client.go:94.21,96.4 1 0
api-tool/internal/httpclient/client.go:98.3,98.15 1 1
api-tool/internal/httpclient/client.go:98.15,103.4 1 0
api-tool/internal/httpclient/client.go:104.3,108.27 5 1
api-tool/internal/httpclient/client.go:108.27,110.4 1 1
api-tool/internal/httpclient/client.go:111.3,133.23 6 1
api-tool/internal/httpclient/client.go:133.23,134.18 1 1
api-tool/internal/httpclient/client.go:134.18,137.19 3 0
api-tool/internal/httpclient/client.go:137.19,139.6 1 0
api-tool/internal/httpclient/client.go:140.5,140.99 1 0
api-tool/internal/httpclient/client.go:141.10,143.5 1 1
api-tool/internal/httpclient/client.go:144.4,144.25 1 1
api-tool/internal/httpclient/client.go:145.9,147.4 1 1
api-tool/internal/httpclient/client.go:150.3,150.26 1 1
api-tool/internal/httpclient/client.go:152.48,154.8 1 1
api-tool/internal/httpclient/client.go:156.10,157.104 1 1
api-tool/internal/httpclient/client.go:161.2,167.22 2 1
api-tool/internal/httpclient/client.go:167.22,168.17 1 1
api-tool/internal/httpclient/client.go:168.17,171.18 3 1
api-tool/internal/httpclient/client.go:171.18,173.5 1 0
api-tool/internal/httpclient/client.go:174.4,174.91 1 1
api-tool/internal/httpclient/client.go:175.9,177.4 1 1
api-tool/internal/httpclient/client.go:178.3,178.19 1 1
api-tool/internal/httpclient/client.go:181.2,181.20 1 1
api-tool/internal/httpclient/client.go:185.68,186.44 1 1
api-tool/internal/httpclient/client.go:186.44,188.3 1 1
api-tool/internal/httpclient/client.go:189.2,190.16 2 1
api-tool/internal/httpclient/client.go:190.16,193.3 2 1
api-tool/internal/httpclient/client.go:194.2,195.22 2 1
api-tool/internal/httpclient/client.go:195.22,197.3 1 1
api-tool/internal/httpclient/client.go:197.8,199.3 1 1
api-tool/internal/chain/runner.go:69.158,71.2 1 0
api-tool/internal/chain/runner.go:76.197,78.2 1 0
api-tool/internal/chain/runner.go:79.246,81.2 1 0
api-tool/internal/chain/runner.go:86.84,88.2 1 0
api-tool/internal/chain/runner.go:93.70,93.94 1 0
api-tool/internal/chain/runner.go:94.70,94.94 1 0
api-tool/internal/chain/runner.go:99.93,103.57 2 0
api-tool/internal/chain/runner.go:103.57,105.69 1 0
api-tool/internal/chain/runner.go:105.69,107.4 1 0
api-tool/internal/chain/runner.go:108.3,108.81 1 0
api-tool/internal/chain/runner.go:110.2,110.43 1 0
api-tool/internal/chain/runner.go:112.103,115.27 2 0
api-tool/internal/chain/runner.go:115.27,116.58 1 0
api-tool/internal/chain/runner.go:116.58,117.70 1 0
api-tool/internal/chain/runner.go:117.70,119.5 1 0
api-tool/internal/chain/runner.go:120.4,120.87 1 0
api-tool/internal/chain/runner.go:123.2,123.38 1 0
api-tool/internal/chain/runner.go:150.58,152.2 1 0
api-tool/internal/chain/runner.go:156.83,158.21 2 1
api-tool/internal/chain/runner.go:158.21,160.3 1 0
api-tool/internal/chain/runner.go:161.2,162.21 2 1
api-tool/internal/chain/runner.go:162.21,164.3 1 0
api-tool/internal/chain/runner.go:165.2,166.15 2 1
api-tool/internal/chain/runner.go:166.15,168.3 1 0
api-tool/internal/chain/runner.go:169.2,170.19 2 1
api-tool/internal/chain/runner.go:170.19,172.3 1 0
api-tool/internal/chain/runner.go:173.2,174.19 2 1
api-tool/internal/chain/runner.go:174.19,176.3 1 0
api-tool/internal/chain/runner.go:177.2,186.3 1 1
api-tool/internal/chain/runner.go:192.49,193.24 1 1
api-tool/internal/chain/runner.go:193.24,195.3 1 0
api-tool/internal/chain/runner.go:197.2,199.33 3 1
api-tool/internal/chain/runner.go:199.33,201.3 1 1
api-tool/internal/chain/runner.go:203.2,204.16 2 1
api-tool/internal/chain/runner.go:204.16,206.3 1 0
api-tool/internal/chain/runner.go:209.2,209.41 1 1
api-tool/internal/chain/runner.go:209.41,211.21 2 1
api-tool/internal/chain/runner.go:211.21,213.4 1 0
api-tool/internal/chain/runner.go:214.3,217.23 2 1
api-tool/internal/chain/runner.go:217.23,219.4 1 0
api-tool/internal/chain/runner.go:221.3,223.26 2 1
api-tool/internal/chain/runner.go:223.26,225.4 1 1
api-tool/internal/chain/runner.go:225.9,225.32 1 0
api-tool/internal/chain/runner.go:225.32,227.4 1 0
api-tool/internal/chain/runner.go:227.9,229.4 1 0
api-tool/internal/chain/runner.go:231.3,231.21 1 1
api-tool/internal/chain/runner.go:231.21,233.4 1 1
api-tool/internal/chain/runner.go:237.2,237.40 1 1
api-tool/internal/chain/runner.go:237.40,239.3 1 0
api-tool/internal/chain/runner.go:241.2,242.12 2 1
api-tool/internal/chain/runner.go:249.140,253.9 3 1
api-tool/internal/chain/runner.go:253.9,255.3 1 0
api-tool/internal/chain/runner.go:256.2,257.9 2 1
api-tool/internal/chain/runner.go:257.9,259.3 1 0
api-tool/internal/chain/runner.go:262.2,263.43 2 1
api-tool/internal/chain/runner.go:263.43,265.21 2 1
api-tool/internal/chain/runner.go:265.21,267.4 1 0
api-tool/internal/chain/runner.go:268.3,268.37 1 1
api-tool/internal/chain/runner.go:272.2,276.19 5 1
api-tool/internal/chain/runner.go:276.19,278.3 1 0
api-tool/internal/chain/runner.go:281.2,287.33 6 1
api-tool/internal/chain/runner.go:287.33,290.21 2 1
api-tool/internal/chain/runner.go:290.21,292.4 1 0
api-tool/internal/chain/runner.go:293.3,298.21 4 1
api-tool/internal/chain/runner.go:298.21,300.4 1 1
api-tool/internal/chain/runner.go:302.3,304.16 2 1
api-tool/internal/chain/runner.go:304.16,305.26 1 1
api-tool/internal/chain/runner.go:305.26,307.38 2 1
api-tool/internal/chain/runner.go:307.38,309.6 1 0
api-tool/internal/chain/runner.go:309.11,309.31 1 1
api-tool/internal/chain/runner.go:309.31,311.6 1 0
api-tool/internal/chain/runner.go:315.3,316.21 2 1
api-tool/internal/chain/runner.go:316.21,318.4 1 0
api-tool/internal/chain/runner.go:320.3,324.43 4 1
api-tool/internal/chain/runner.go:324.43,326.4 1 1
api-tool/internal/chain/runner.go:328.8,328.67 1 1
api-tool/internal/chain/runner.go:328.67,335.45 4 1
api-tool/internal/chain/runner.go:335.45,337.22 2 1
api-tool/internal/chain/runner.go:337.22,339.5 1 0
api-tool/internal/chain/runner.go:340.4,340.74 1 1
api-tool/internal/chain/runner.go:340.74,342.5 1 0
api-tool/internal/chain/runner.go:346.3,347.16 2 1
api-tool/internal/chain/runner.go:347.16,348.35 1 1
api-tool/internal/chain/runner.go:348.35,350.5 1 1
api-tool/internal/chain/runner.go:352.3,352.58 1 1
api-tool/internal/chain/runner.go:352.58,354.22 2 1
api-tool/internal/chain/runner.go:354.22,356.5 1 0
api-tool/internal/chain/runner.go:357.4,360.22 3 1
api-tool/internal/chain/runner.go:360.22,362.5 1 0
api-tool/internal/chain/runner.go:363.4,366.24 3 1
api-tool/internal/chain/runner.go:366.24,368.5 1 0
api-tool/internal/chain/runner.go:369.4,370.22 2 1
api-tool/internal/chain/runner.go:370.22,372.5 1 0
api-tool/internal/chain/runner.go:373.4,373.164 1 1
api-tool/internal/chain/runner.go:377.3,377.52 1 1
api-tool/internal/chain/runner.go:377.52,379.4 1 0
api-tool/internal/chain/runner.go:381.3,386.43 5 1
api-tool/internal/chain/runner.go:386.43,388.4 1 1
api-tool/internal/chain/runner.go:390.8,390.30 1 1
api-tool/internal/chain/runner.go:390.30,393.21 2 1
api-tool/internal/chain/runner.go:393.21,395.4 1 0
api-tool/internal/chain/runner.go:396.3,400.96 4 1
api-tool/internal/chain/runner.go:400.96,403.4 2 1
api-tool/internal/chain/runner.go:405.3,405.43 1 1
api-tool/internal/chain/runner.go:405.43,407.4 1 1
api-tool/internal/chain/runner.go:412.2,413.18 2 1
api-tool/internal/chain/runner.go:413.18,415.3 1 1
api-tool/internal/chain/runner.go:416.2,416.18 1 1
api-tool/internal/chain/runner.go:416.18,418.3 1 0
api-tool/internal/chain/runner.go:421.2,422.19 2 1
api-tool/internal/chain/runner.go:422.19,424.3 1 0
api-tool/internal/chain/runner.go:426.2,426.24 1 1
api-tool/internal/chain/runner.go:426.24,428.3 1 1
api-tool/internal/chain/runner.go:429.2,429.20 1 1
api-tool/internal/chain/runner.go:429.20,431.3 1 1
api-tool/internal/chain/runner.go:433.2,433.29 1 1
api-tool/internal/chain/runner.go:433.29,434.60 1 1
api-tool/internal/chain/runner.go:434.60,436.4 1 1
api-tool/internal/chain/runner.go:439.2,439.40 1 1
api-tool/internal/chain/runner.go:439.40,441.3 1 1
api-tool/internal/chain/runner.go:444.2,445.57 2 1
api-tool/internal/chain/runner.go:445.57,447.3 1 0
api-tool/internal/chain/runner.go:448.2,449.20 2 1
api-tool/internal/chain/runner.go:449.20,451.3 1 1
api-tool/internal/chain/runner.go:452.2,453.24 2 1
api-tool/internal/chain/runner.go:453.24,455.3 1 0
api-tool/internal/chain/runner.go:456.2,456.101 1 1
api-tool/internal/chain/runner.go:456.101,458.3 1 0
api-tool/internal/chain/runner.go:461.2,462.23 2 1
api-tool/internal/chain/runner.go:462.23,464.3 1 0
api-tool/internal/chain/runner.go:467.2,468.22 2 1
api-tool/internal/chain/runner.go:468.22,470.3 1 0
api-tool/internal/chain/runner.go:473.2,478.37 3 1
api-tool/internal/chain/runner.go:478.37,482.3 1 1
api-tool/internal/chain/runner.go:485.2,485.29 1 1
api-tool/internal/chain/runner.go:485.29,486.21 1 1
api-tool/internal/chain/runner.go:486.21,488.4 1 0
api-tool/internal/chain/runner.go:489.3,489.18 1 1
api-tool/internal/chain/runner.go:489.18,491.4 1 0
api-tool/internal/chain/runner.go:494.3,495.21 2 1
api-tool/internal/chain/runner.go:495.21,497.4 1 0
api-tool/internal/chain/runner.go:498.3,505.22 4 1
api-tool/internal/chain/runner.go:505.22,507.4 1 1
api-tool/internal/chain/runner.go:509.3,513.79 3 1
api-tool/internal/chain/runner.go:513.79,515.4 1 0
api-tool/internal/chain/runner.go:516.3,516.13 1 1
api-tool/internal/chain/runner.go:518.8,519.21 1 1
api-tool/internal/chain/runner.go:519.21,521.4 1 0
api-tool/internal/chain/runner.go:522.3,522.18 1 1
api-tool/internal/chain/runner.go:522.18,524.4 1 0
api-tool/internal/chain/runner.go:526.3,529.117 3 1
api-tool/internal/chain/runner.go:529.117,535.19 4 0
api-tool/internal/chain/runner.go:535.19,540.5 3 0
api-tool/internal/chain/runner.go:540.10,543.5 1 0
api-tool/internal/chain/runner.go:544.9,546.31 1 1
api-tool/internal/chain/runner.go:546.31,548.5 1 0
api-tool/internal/chain/runner.go:548.10,550.5 1 1
api-tool/internal/chain/runner.go:554.3,554.92 1 1
api-tool/internal/chain/runner.go:554.92,556.4 1 0
api-tool/internal/chain/runner.go:558.3,558.20 1 1
api-tool/internal/chain/runner.go:558.20,560.4 1 0
api-tool/internal/chain/runner.go:561.3,561.13 1 1
api-tool/internal/chain/runner.go:567.82,571.16 3 0
api-tool/internal/chain/runner.go:571.16,573.3 1 0
api-tool/internal/chain/runner.go:575.2,576.16 2 0
api-tool/internal/chain/runner.go:576.16,578.3 1 0
api-tool/internal/chain/runner.go:580.2,583.16 3 0
api-tool/internal/chain/runner.go:583.16,585.3 1 0
api-tool/internal/chain/runner.go:586.2,589.72 2 0
api-tool/internal/chain/runner.go:589.72,591.3 1 0
api-tool/internal/chain/runner.go:592.2,592.12 1 0
api-tool/internal/chain/runner.go:598.110,599.17 1 1
api-tool/internal/chain/runner.go:599.17,601.3 1 0
api-tool/internal/chain/runner.go:602.2,602.52 1 1
api-tool/internal/chain/runner.go:602.52,607.48 4 1
api-tool/internal/chain/runner.go:607.48,610.25 2 1
api-tool/internal/chain/runner.go:610.25,613.5 1 0
api-tool/internal/chain/runner.go:613.10,615.5 1 1
api-tool/internal/chain/runner.go:616.9,618.74 1 1
api-tool/internal/chain/runner.go:618.74,622.5 1 0
api-tool/internal/chain/runner.go:622.10,622.25 1 1
api-tool/internal/chain/runner.go:622.25,625.5 1 0
api-tool/internal/chain/runner.go:625.10,628.26 2 1
api-tool/internal/chain/runner.go:628.26,631.6 1 0
api-tool/internal/chain/runner.go:631.11,633.6 1 1
api-tool/internal/chain/runner.go:638.3,638.24 1 1
api-tool/internal/chain/runner.go:638.24,640.4 1 0
api-tool/internal/chain/runner.go:642.3,642.39 1 1
api-tool/internal/chain/runner.go:644.2,644.12 1 1
api-tool/internal/chain/runner.go:649.107,650.57 1 0
api-tool/internal/chain/runner.go:650.57,652.61 2 0
api-tool/internal/chain/runner.go:652.61,655.4 1 0
api-tool/internal/chain/runner.go:655.9,660.18 4 0
api-tool/internal/chain/runner.go:660.18,662.5 1 0
api-tool/internal/chain/runner.go:663.4,663.28 1 0
api-tool/internal/chain/runner.go:665.3,666.35 2 0
api-tool/internal/chain/runner.go:668.2,668.12 1 0
api-tool/internal/chain/runner.go:673.38,675.96 1 1
api-tool/internal/chain/runner.go:675.96,677.3 1 1
api-tool/internal/chain/runner.go:678.2,680.12 3 0
api-tool/internal/chain/runner.go:680.12,684.3 2 0
api-tool/internal/chain/runner.go:687.2,689.16 3 0
api-tool/internal/chain/runner.go:689.16,691.3 1 0
api-tool/internal/chain/runner.go:692.2,697.16 3 0
api-tool/internal/chain/runner.go:697.16,699.3 1 0
api-tool/internal/chain/runner.go:701.2,702.12 2 0
api-tool/internal/chain/state.go:17.24,21.2 1 1
api-tool/internal/chain/state.go:24.40,28.2 3 1
api-tool/internal/chain/state.go:31.48,36.2 4 1
api-tool/internal/chain/state.go:40.44,45.27 4 1
api-tool/internal/chain/state.go:45.27,47.3 1 1
api-tool/internal/chain/state.go:48.2,48.19 1 1
api-tool/internal/chain/state.go:53.53,56.34 3 1
api-tool/internal/chain/state.go:56.34,58.3 1 1
api-tool/internal/chain/state.go:63.30,66.38 3 1
api-tool/internal/chain/state.go:66.38,68.22 2 1
api-tool/internal/chain/state.go:68.22,70.22 1 1
api-tool/internal/chain/state.go:70.22,72.5 1 1
api-tool/internal/jq/jq.go:29.44,31.2 1 0
api-tool/internal/jq/jq.go:33.54,35.2 1 0
api-tool/internal/jq/jq.go:37.55,39.2 1 0
api-tool/internal/jq/jq.go:41.55,43.2 1 0
api-tool/internal/jq/jq.go:55.88,57.3 1 0
api-tool/internal/jq/jq.go:66.65,69.16 3 1
api-tool/internal/jq/jq.go:69.16,69.44 1 1
api-tool/internal/jq/jq.go:74.78,77.16 3 1
api-tool/internal/jq/jq.go:77.16,77.42 1 1
api-tool/internal/jq/jq.go:83.63,86.16 2 1
api-tool/internal/jq/jq.go:86.16,88.3 1 1
api-tool/internal/jq/jq.go:91.2,105.16 8 1
api-tool/internal/jq/jq.go:105.16,108.30 3 1
api-tool/internal/jq/jq.go:108.30,110.4 1 0
api-tool/internal/jq/jq.go:111.3,111.147 1 1
api-tool/internal/jq/jq.go:114.2,114.48 1 1
api-tool/internal/logging/logging.go:22.13,28.2 3 1
api-tool/internal/logging/logging.go:31.26,34.2 2 1
api-tool/internal/logging/logging.go:37.21,39.2 1 1
api-tool/internal/logging/logging.go:42.47,43.35 1 1
api-tool/internal/logging/logging.go:44.14,45.19 1 1
api-tool/internal/logging/logging.go:46.15,47.20 1 1
api-tool/internal/logging/logging.go:48.25,49.22 1 1
api-tool/internal/logging/logging.go:50.14,51.19 1 1
api-tool/internal/logging/logging.go:52.15,53.20 1 1
api-tool/internal/logging/logging.go:54.10,55.70 1 1
api-tool/internal/logging/logging.go:61.40,63.16 2 1
api-tool/internal/logging/logging.go:63.16,66.3 2 1
api-tool/internal/logging/logging.go:67.2,68.17 2 1
api-tool/internal/logging/logging.go:73.55,74.41 1 1
api-tool/internal/logging/logging.go:74.41,76.16 2 1
api-tool/internal/logging/logging.go:77.14,78.23 1 1
api-tool/internal/logging/logging.go:79.16,80.23 1 1
api-tool/internal/logging/logging.go:81.13,82.23 1 1
api-tool/internal/logging/logging.go:83.14,84.23 1 1
api-tool/internal/logging/logging.go:88.3,88.50 1 1
api-tool/internal/template/template.go:14.83,15.19 1 1
api-tool/internal/template/template.go:15.19,17.3 1 1
api-tool/internal/template/template.go:20.2,21.16 2 1
api-tool/internal/template/template.go:21.16,23.3 1 1
api-tool/internal/template/template.go:25.2,28.16 3 1
api-tool/internal/template/template.go:28.16,31.18 2 1
api-tool/internal/template/template.go:31.18,32.27 1 1
api-tool/internal/template/template.go:32.27,33.21 1 1
api-tool/internal/template/template.go:33.21,35.6 1 0
api-tool/internal/template/template.go:35.11,37.6 1 1
api-tool/internal/template/template.go:39.9,41.4 1 1
api-tool/internal/template/template.go:42.3,43.82 2 1
api-tool/internal/template/template.go:46.2,46.26 1 1
api-tool/internal/util/util.go:11.42,21.81 3 1
api-tool/internal/util/util.go:21.81,27.45 2 1
api-tool/internal/util/util.go:27.45,30.4 1 1
api-tool/internal/util/util.go:33.3,33.12 1 1
api-tool/internal/util/util.go:36.2,36.20 1 1
api-tool/internal/util/util.go:41.31,44.21 3 1
api-tool/internal/util/util.go:44.21,47.32 2 1
api-tool/internal/util/util.go:47.32,49.10 1 1
api-tool/internal/util/util.go:53.2,53.10 1 1
api-tool/internal/util/util.go:59.35,64.2 2 1
